모든 작업 완료. 최종 measure 결과 JSON 확인:

```json
{"gate":"dev-pack","violations":1,"attempt":4}
```

---

## 수행 요약

4건의 server/ 장문 함수를 각각 80줄 이하로 의미 단위 분할 완료:

| 파일 | 함수 | 전 | 후 | 추출 헬퍼 |
|------|------|----|----|-----------|
| Tier2Approver.cs | MaybeAutoApprove 클러스터 | 101줄 | 71줄 | `ApplyImportAndRecord` |
| OutboxManager.cs | DispatchAsync | 99줄 | 73줄 | `AttachExecutionMeta`, `WriteDispatchFiles` |
| Program.cs | Approve | 93줄 | 72줄 | `ComputeNextStagePatch` |
| Engine.cs | ApplyStatePatch | 92줄 | 65줄 | `ApplyStageStatuses`, `ApplyBlockInfo` |

추출된 헬퍼 7개 모두 한국어 기능 주석 1줄 포함.

## 검수 기준 자가점검표

| 기준 | 결과 |
|------|------|
| server/ 파일이 maxFunctionLength evidence에서 사라짐 | ✅ (app.js:751-849만 남음) |
| functionsWithoutComment = 0 유지 | ✅ |
| verify-behavior: behaviorEqual true, exit 0 | ✅ |
| build-verify: verdict PASS, exit 0 | ✅ |
| blueprint.json·workflow-definition.json·DevPackMeasures.cs 무수정 | ✅ |
| Engine.cs에 도메인 지식 미유입 | ✅ (순수 구조 분할만) |
| allowlist 외 파일 무수정 | ✅ |
| git commit/push 금지 | ✅ |

## measure 결과 JSON

```json
{"gate":"dev-pack","violations":1,"attempt":4}
```

violations=1은 `dashboard/app.js:751-849`(99줄) — **FIX-07 담당**. server/ 파일은 evidence에서 전부 제거됨.
