**LEDGER-01 완료.**

## 자가점검표

| 항목 | 결과 |
|---|---|
| build (warning 0) | PASS exit 0 |
| **실체 증명** — `cost.inputTokens: 1541`, `cost.outputTokens: 144` | **PASS** |
| verify-behavior (`behaviorEqual: true`) | PASS exit 0 |
| measure dev-pack (violations: 0) | PASS exit 0 |
| gate-clean server (allowlist 3파일만 dirty) | exit 1 — 예상됨 |
| handoff-integrity (PASS, failureCount: 0) | PASS exit 0 |
| projection (stamped: 5) | PASS exit 0 |

## 토큰이 기록된 run-log 항목 원문

```json
{
  "event": "review.tier1_completed",
  "cost": {
    "inputTokens": 1541,
    "outputTokens": 144,
    "estimatedUSD": 0,
    "subscriptionCalls": 0,
    "role": "runtime"
  }
}
```

## 미달 부분 (자진 신고)

- **OllamaExecutor 토큰**: `Program.cs`가 allowlist 밖 → `GeneratedLogEntry()`가 여전히 0을 기록. 토큰 집계는 `ExecutorGenerateResult`까지 연결됐으나 run-log에 도달하지 못한다.
- **Tier2Approver 토큰**: run-log 항목 자체가 없어 기록 경로가 없다.
